<?xml version="1.0" encoding="UTF-8"?>
<!-- Generated by org.testng.reporters.JUnitReportReporter -->
<testsuite hostname="DESKTOP-ENVFPHJ" failures="0" tests="2" name="demoBlaze.TestRunner.DemoTestRunner" time="28.257" errors="0" timestamp="2024-07-10T22:00:23 EDT" skipped="0">
  <testcase classname="demoBlaze.TestRunner.DemoTestRunner" name="feature" time="21.087"/>
  <system-out/>
  <testcase classname="demoBlaze.TestRunner.DemoTestRunner" name="feature" time="7.170"/>
  <system-out/>
</testsuite> <!-- demoBlaze.TestRunner.DemoTestRunner -->
